0 silly argv {
0 silly argv   _: [ 'bootstrap' ],
0 silly argv   hoist: true,
0 silly argv   lernaVersion: '5.1.8',
0 silly argv   '$0': '/Users/gerrronimo/Documents/booktrina/web-app/node_modules/.bin/lerna'
0 silly argv }
1 notice cli v5.1.8
2 verbose rootPath /Users/gerrronimo/Documents/booktrina/web-app
3 info versioning independent
4 error JSONError: Unexpected token "}" (0x7D) in JSON at position 581 while parsing near "...itals\": \"^2.1.4\",\n  },\n  \"scripts\": {\n  ..." in src/apps/core/package.json
4 error
4 error [0m [90m 19 |[39m     [32m"typescript"[39m[33m:[39m [32m"^4.7.4"[39m[33m,[39m[0m
4 error [0m [90m 20 |[39m     [32m"web-vitals"[39m[33m:[39m [32m"^2.1.4"[39m[33m,[39m[0m
4 error [0m[31m[1m>[22m[39m[90m 21 |[39m   }[33m,[39m[0m
4 error [0m [90m    |[39m   [31m[1m^[22m[39m[0m
4 error [0m [90m 22 |[39m   [32m"scripts"[39m[33m:[39m {[0m
4 error [0m [90m 23 |[39m     [32m"start"[39m[33m:[39m [32m"react-scripts start"[39m[33m,[39m[0m
4 error [0m [90m 24 |[39m     [32m"build"[39m[33m:[39m [32m"react-scripts build"[39m[33m,[39m[0m
4 error
4 error     at parseJson (/Users/gerrronimo/Documents/booktrina/web-app/node_modules/parse-json/index.js:29:21)
4 error     at parse (/Users/gerrronimo/Documents/booktrina/web-app/node_modules/load-json-file/index.js:15:9)
4 error     at module.exports (/Users/gerrronimo/Documents/booktrina/web-app/node_modules/load-json-file/index.js:18:47)
